<?xml version="1.0" encoding="UTF-8"?>
<!-- Generated by org.testng.reporters.JUnitXMLReporter -->
<testsuite ignored="0" hostname="EPINGUGW0218" failures="7" tests="19" name="Surefire test" time="0.076" errors="0" timestamp="2024-03-08T02:03:58 IST">
  <testcase classname="org.testng.hometasks.AdditionTests" name="addTest" time="0.0"/>
  <testcase classname="org.testng.hometasks.AdditionTests" name="addTest" time="0.0"/>
  <testcase classname="org.testng.hometasks.AdditionTests" name="paramAddTest" time="0.0">
    <failure type="org.testng.TestNGException" message="
Parameter &amp;apos;numbers&amp;apos; is required by @Test on method paramAddTest but has not been marked @Optional or defined
">
      <![CDATA[org.testng.TestNGException: 
Parameter 'numbers' is required by @Test on method paramAddTest but has not been marked @Optional or defined

at java.base/java.util.ArrayList.forEach(ArrayList.java:1541)
... Removed 31 stack frames]]>
    </failure>
  </testcase> <!-- paramAddTest -->
  <testcase classname="org.testng.hometasks.AdvancedTests" name="cubeTest" time="0.0"/>
  <testcase classname="org.testng.hometasks.AdvancedTests" name="paramCubeTest" time="0.0">
    <failure type="org.testng.TestNGException" message="
Parameter &amp;apos;singleNumber&amp;apos; is required by @Test on method paramCubeTest but has not been marked @Optional or defined
">
      <![CDATA[org.testng.TestNGException: 
Parameter 'singleNumber' is required by @Test on method paramCubeTest but has not been marked @Optional or defined

at java.base/java.util.ArrayList.forEach(ArrayList.java:1541)
... Removed 31 stack frames]]>
    </failure>
  </testcase> <!-- paramCubeTest -->
  <testcase classname="org.testng.hometasks.AdvancedTests" name="paramSquareRootTest" time="0.0">
    <failure type="org.testng.TestNGException" message="
Parameter &amp;apos;singleNumber&amp;apos; is required by @Test on method paramSquareRootTest but has not been marked @Optional or defined
">
      <![CDATA[org.testng.TestNGException: 
Parameter 'singleNumber' is required by @Test on method paramSquareRootTest but has not been marked @Optional or defined

at java.base/java.util.ArrayList.forEach(ArrayList.java:1541)
... Removed 31 stack frames]]>
    </failure>
  </testcase> <!-- paramSquareRootTest -->
  <testcase classname="org.testng.hometasks.AdvancedTests" name="paramSquareTest" time="0.0">
    <failure type="org.testng.TestNGException" message="
Parameter &amp;apos;singleNumber&amp;apos; is required by @Test on method paramSquareTest but has not been marked @Optional or defined
">
      <![CDATA[org.testng.TestNGException: 
Parameter 'singleNumber' is required by @Test on method paramSquareTest but has not been marked @Optional or defined

at java.base/java.util.ArrayList.forEach(ArrayList.java:1541)
... Removed 31 stack frames]]>
    </failure>
  </testcase> <!-- paramSquareTest -->
  <testcase classname="org.testng.hometasks.AdvancedTests" name="squareRootTest" time="0.0"/>
  <testcase classname="org.testng.hometasks.AdvancedTests" name="squareTest" time="0.001"/>
  <testcase classname="org.testng.hometasks.DivisionTests" name="divideByZeroTest" time="0.0"/>
  <testcase classname="org.testng.hometasks.DivisionTests" name="divisionTest" time="0.0"/>
  <testcase classname="org.testng.hometasks.DivisionTests" name="divisionTest" time="0.001"/>
  <testcase classname="org.testng.hometasks.DivisionTests" name="paramDivisionTest" time="0.0">
    <failure type="org.testng.TestNGException" message="
Parameter &amp;apos;numbers&amp;apos; is required by @Test on method paramDivisionTest but has not been marked @Optional or defined
">
      <![CDATA[org.testng.TestNGException: 
Parameter 'numbers' is required by @Test on method paramDivisionTest but has not been marked @Optional or defined

at java.base/java.util.ArrayList.forEach(ArrayList.java:1541)
... Removed 31 stack frames]]>
    </failure>
  </testcase> <!-- paramDivisionTest -->
  <testcase classname="org.testng.hometasks.MultiplicationTests" name="multiplyTest" time="0.0"/>
  <testcase classname="org.testng.hometasks.MultiplicationTests" name="multiplyTest" time="0.0"/>
  <testcase classname="org.testng.hometasks.MultiplicationTests" name="paramMulitplyTest" time="0.0">
    <failure type="org.testng.TestNGException" message="
Parameter &amp;apos;numbers&amp;apos; is required by @Test on method paramMulitplyTest but has not been marked @Optional or defined
">
      <![CDATA[org.testng.TestNGException: 
Parameter 'numbers' is required by @Test on method paramMulitplyTest but has not been marked @Optional or defined

at java.base/java.util.ArrayList.forEach(ArrayList.java:1541)
... Removed 31 stack frames]]>
    </failure>
  </testcase> <!-- paramMulitplyTest -->
  <testcase classname="org.testng.hometasks.SubtractionTests" name="paramSubtractTest" time="0.0">
    <failure type="org.testng.TestNGException" message="
Parameter &amp;apos;numbers&amp;apos; is required by @Test on method paramSubtractTest but has not been marked @Optional or defined
">
      <![CDATA[org.testng.TestNGException: 
Parameter 'numbers' is required by @Test on method paramSubtractTest but has not been marked @Optional or defined

at java.base/java.util.ArrayList.forEach(ArrayList.java:1541)
... Removed 31 stack frames]]>
    </failure>
  </testcase> <!-- paramSubtractTest -->
  <testcase classname="org.testng.hometasks.SubtractionTests" name="subtractTest" time="0.0"/>
  <testcase classname="org.testng.hometasks.SubtractionTests" name="subtractTest" time="0.0"/>
</testsuite> <!-- Surefire test -->
