<!DOCTYPE html PUBLIC "-//W3C//DTD XHTML 1.1//EN" "https://www.w3.org/TR/xhtml11/DTD/xhtml11.dtd">
<html xmlns="https://www.w3.org/1999/xhtml">
<head>
<meta http-equiv="content-type" content="text/html; charset=UTF-8"/>
<title>TestNG Report</title>
<style type="text/css">table {margin-bottom:10px;border-collapse:collapse;empty-cells:show}th,td {border:1px solid #009;padding:.25em .5em}th {vertical-align:bottom}td {vertical-align:top}table a {font-weight:bold}.stripe td {background-color: #E6EBF9}.num {text-align:right}.passedodd td {background-color: #3F3}.passedeven td {background-color: #0A0}.skippedodd td {background-color: #DDD}.skippedeven td {background-color: #CCC}.failedodd td,.attn {background-color: #F33}.failedeven td,.stripe .attn {background-color: #D00}.stacktrace {white-space:pre;font-family:monospace}.totop {font-size:85%;text-align:center;border-bottom:2px solid #000}.invisible {display:none}</style>
</head>
<body>
<table>
<tr><th>Test</th><th># Passed</th><th># Skipped</th><th># Retried</th><th># Failed</th><th>Time (ms)</th><th>Included Groups</th><th>Excluded Groups</th></tr>
<tr><th colspan="8">Surefire suite</th></tr>
<tr><td><a href="#t0">Surefire test</a></td><td class="num">12</td><td class="num">0</td><td class="num">0</td><td class="num attn">7</td><td class="num">76</td><td></td><td></td></tr>
</table>
<table id='summary'><thead><tr><th>Class</th><th>Method</th><th>Start</th><th>Time (ms)</th></tr></thead><tbody><tr><th colspan="4">Surefire suite</th></tr></tbody><tbody id="t0"><tr><th colspan="4">Surefire test &#8212; failed</th></tr><tr class="failedeven"><td rowspan="1">org.testng.hometasks.AdditionTests</td><td><a href="#m0">paramAddTest</a></td><td rowspan="1">1709843638796</td><td rowspan="1">0</td></tr><tr class="failedodd"><td rowspan="3">org.testng.hometasks.AdvancedTests</td><td><a href="#m1">paramCubeTest</a></td><td rowspan="1">1709843638814</td><td rowspan="1">0</td></tr><tr class="failedodd"><td><a href="#m2">paramSquareRootTest</a></td><td rowspan="1">1709843638814</td><td rowspan="1">0</td></tr><tr class="failedodd"><td><a href="#m3">paramSquareTest</a></td><td rowspan="1">1709843638814</td><td rowspan="1">0</td></tr><tr class="failedeven"><td rowspan="1">org.testng.hometasks.DivisionTests</td><td><a href="#m4">paramDivisionTest</a></td><td rowspan="1">1709843638828</td><td rowspan="1">0</td></tr><tr class="failedodd"><td rowspan="1">org.testng.hometasks.MultiplicationTests</td><td><a href="#m5">paramMulitplyTest</a></td><td rowspan="1">1709843638831</td><td rowspan="1">0</td></tr><tr class="failedeven"><td rowspan="1">org.testng.hometasks.SubtractionTests</td><td><a href="#m6">paramSubtractTest</a></td><td rowspan="1">1709843638832</td><td rowspan="1">0</td></tr><tr><th colspan="4">Surefire test &#8212; passed</th></tr><tr class="passedeven"><td rowspan="2">org.testng.hometasks.AdditionTests</td><td><a href="#m7">addTest</a></td><td rowspan="2">1709843638796</td><td rowspan="2">0</td></tr><tr class="passedeven"><td><a href="#m8">addTest</a></td></tr><tr class="passedodd"><td rowspan="3">org.testng.hometasks.AdvancedTests</td><td><a href="#m9">cubeTest</a></td><td rowspan="1">1709843638814</td><td rowspan="1">0</td></tr><tr class="passedodd"><td><a href="#m10">squareRootTest</a></td><td rowspan="1">1709843638814</td><td rowspan="1">0</td></tr><tr class="passedodd"><td><a href="#m11">squareTest</a></td><td rowspan="1">1709843638822</td><td rowspan="1">1</td></tr><tr class="passedeven"><td rowspan="3">org.testng.hometasks.DivisionTests</td><td><a href="#m12">divideByZeroTest</a></td><td rowspan="1">1709843638824</td><td rowspan="1">0</td></tr><tr class="passedeven"><td><a href="#m13">divisionTest</a></td><td rowspan="2">1709843638826</td><td rowspan="2">0</td></tr><tr class="passedeven"><td><a href="#m14">divisionTest</a></td></tr><tr class="passedodd"><td rowspan="2">org.testng.hometasks.MultiplicationTests</td><td><a href="#m15">multiplyTest</a></td><td rowspan="2">1709843638829</td><td rowspan="2">0</td></tr><tr class="passedodd"><td><a href="#m16">multiplyTest</a></td></tr><tr class="passedeven"><td rowspan="2">org.testng.hometasks.SubtractionTests</td><td><a href="#m17">subtractTest</a></td><td rowspan="2">1709843638833</td><td rowspan="2">0</td></tr><tr class="passedeven"><td><a href="#m18">subtractTest</a></td></tr></tbody>
</table>
<h2>Surefire test</h2><h3 id="m0">org.testng.hometasks.AdditionTests#paramAddTest</h3><table class="result"><tr><th>Exception</th></tr><tr><td><div class="stacktrace">org.testng.TestNGException: 
Parameter &apos;numbers&apos; is required by @Test on method paramAddTest but has not been marked @Optional or defined

	at java.base/java.util.ArrayList.forEach(ArrayList.java:1541)
... Removed 31 stack frames</div></td></tr></table><p class="totop"><a href="#summary">back to summary</a></p>
<h3 id="m1">org.testng.hometasks.AdvancedTests#paramCubeTest</h3><table class="result"><tr><th>Exception</th></tr><tr><td><div class="stacktrace">org.testng.TestNGException: 
Parameter &apos;singleNumber&apos; is required by @Test on method paramCubeTest but has not been marked @Optional or defined

	at java.base/java.util.ArrayList.forEach(ArrayList.java:1541)
... Removed 31 stack frames</div></td></tr></table><p class="totop"><a href="#summary">back to summary</a></p>
<h3 id="m2">org.testng.hometasks.AdvancedTests#paramSquareRootTest</h3><table class="result"><tr><th>Exception</th></tr><tr><td><div class="stacktrace">org.testng.TestNGException: 
Parameter &apos;singleNumber&apos; is required by @Test on method paramSquareRootTest but has not been marked @Optional or defined

	at java.base/java.util.ArrayList.forEach(ArrayList.java:1541)
... Removed 31 stack frames</div></td></tr></table><p class="totop"><a href="#summary">back to summary</a></p>
<h3 id="m3">org.testng.hometasks.AdvancedTests#paramSquareTest</h3><table class="result"><tr><th>Exception</th></tr><tr><td><div class="stacktrace">org.testng.TestNGException: 
Parameter &apos;singleNumber&apos; is required by @Test on method paramSquareTest but has not been marked @Optional or defined

	at java.base/java.util.ArrayList.forEach(ArrayList.java:1541)
... Removed 31 stack frames</div></td></tr></table><p class="totop"><a href="#summary">back to summary</a></p>
<h3 id="m4">org.testng.hometasks.DivisionTests#paramDivisionTest</h3><table class="result"><tr><th>Exception</th></tr><tr><td><div class="stacktrace">org.testng.TestNGException: 
Parameter &apos;numbers&apos; is required by @Test on method paramDivisionTest but has not been marked @Optional or defined

	at java.base/java.util.ArrayList.forEach(ArrayList.java:1541)
... Removed 31 stack frames</div></td></tr></table><p class="totop"><a href="#summary">back to summary</a></p>
<h3 id="m5">org.testng.hometasks.MultiplicationTests#paramMulitplyTest</h3><table class="result"><tr><th>Exception</th></tr><tr><td><div class="stacktrace">org.testng.TestNGException: 
Parameter &apos;numbers&apos; is required by @Test on method paramMulitplyTest but has not been marked @Optional or defined

	at java.base/java.util.ArrayList.forEach(ArrayList.java:1541)
... Removed 31 stack frames</div></td></tr></table><p class="totop"><a href="#summary">back to summary</a></p>
<h3 id="m6">org.testng.hometasks.SubtractionTests#paramSubtractTest</h3><table class="result"><tr><th>Exception</th></tr><tr><td><div class="stacktrace">org.testng.TestNGException: 
Parameter &apos;numbers&apos; is required by @Test on method paramSubtractTest but has not been marked @Optional or defined

	at java.base/java.util.ArrayList.forEach(ArrayList.java:1541)
... Removed 31 stack frames</div></td></tr></table><p class="totop"><a href="#summary">back to summary</a></p>
<h3 id="m7">org.testng.hometasks.AdditionTests#addTest</h3><table class="result"><tr class="param"><th>Parameter #1</th><th>Parameter #2</th></tr><tr class="param stripe"><td>-3</td><td>4</td></tr></table><p class="totop"><a href="#summary">back to summary</a></p>
<h3 id="m8">org.testng.hometasks.AdditionTests#addTest</h3><table class="result"><tr class="param"><th>Parameter #1</th><th>Parameter #2</th></tr><tr class="param stripe"><td>1</td><td>2</td></tr></table><p class="totop"><a href="#summary">back to summary</a></p>
<h3 id="m9">org.testng.hometasks.AdvancedTests#cubeTest</h3><table class="result"><tr><th class="invisible"/></tr></table><p class="totop"><a href="#summary">back to summary</a></p>
<h3 id="m10">org.testng.hometasks.AdvancedTests#squareRootTest</h3><table class="result"><tr><th class="invisible"/></tr></table><p class="totop"><a href="#summary">back to summary</a></p>
<h3 id="m11">org.testng.hometasks.AdvancedTests#squareTest</h3><table class="result"><tr><th class="invisible"/></tr></table><p class="totop"><a href="#summary">back to summary</a></p>
<h3 id="m12">org.testng.hometasks.DivisionTests#divideByZeroTest</h3><table class="result"><tr><th>Expected Exception</th></tr><tr><td><div class="stacktrace">java.lang.NumberFormatException: Attempt to divide by zero
	at com.epam.tat.module4.Calculator.div(Calculator.java:38)
	at java.base/java.util.ArrayList.forEach(ArrayList.java:1541)
... Removed 33 stack frames</div></td></tr></table><p class="totop"><a href="#summary">back to summary</a></p>
<h3 id="m13">org.testng.hometasks.DivisionTests#divisionTest</h3><table class="result"><tr class="param"><th>Parameter #1</th><th>Parameter #2</th></tr><tr class="param stripe"><td>10</td><td>2</td></tr></table><p class="totop"><a href="#summary">back to summary</a></p>
<h3 id="m14">org.testng.hometasks.DivisionTests#divisionTest</h3><table class="result"><tr class="param"><th>Parameter #1</th><th>Parameter #2</th></tr><tr class="param stripe"><td>-13</td><td>-4</td></tr></table><p class="totop"><a href="#summary">back to summary</a></p>
<h3 id="m15">org.testng.hometasks.MultiplicationTests#multiplyTest</h3><table class="result"><tr class="param"><th>Parameter #1</th><th>Parameter #2</th></tr><tr class="param stripe"><td>5</td><td>2</td></tr></table><p class="totop"><a href="#summary">back to summary</a></p>
<h3 id="m16">org.testng.hometasks.MultiplicationTests#multiplyTest</h3><table class="result"><tr class="param"><th>Parameter #1</th><th>Parameter #2</th></tr><tr class="param stripe"><td>-3</td><td>-4</td></tr></table><p class="totop"><a href="#summary">back to summary</a></p>
<h3 id="m17">org.testng.hometasks.SubtractionTests#subtractTest</h3><table class="result"><tr class="param"><th>Parameter #1</th><th>Parameter #2</th></tr><tr class="param stripe"><td>-3</td><td>-4</td></tr></table><p class="totop"><a href="#summary">back to summary</a></p>
<h3 id="m18">org.testng.hometasks.SubtractionTests#subtractTest</h3><table class="result"><tr class="param"><th>Parameter #1</th><th>Parameter #2</th></tr><tr class="param stripe"><td>5</td><td>2</td></tr></table><p class="totop"><a href="#summary">back to summary</a></p>
</body>
</html>
